<?xml version="1.0" encoding="UTF-8" ?>
<testsuite errors="1" failures="0" hostname="macbook-de-sigfrido-perez-coapango.local" name="test.cv.ficha.TestFicha" tests="1" time="0.141" timestamp="2009-06-15T19:25:53">
  <properties>
    <property name="java.runtime.name" value="Java(TM) SE Runtime Environment" />
    <property name="sun.boot.library.path" value="/System/Library/Frameworks/JavaVM.framework/Versions/1.6.0/Libraries" />
    <property name="java.vm.version" value="1.6.0_07-b06-57" />
    <property name="awt.nativeDoubleBuffering" value="true" />
    <property name="gopherProxySet" value="false" />
    <property name="java.vm.vendor" value="Apple Inc." />
    <property name="java.vendor.url" value="http://www.apple.com/" />
    <property name="path.separator" value=":" />
    <property name="java.vm.name" value="Java HotSpot(TM) 64-Bit Server VM" />
    <property name="file.encoding.pkg" value="sun.io" />
    <property name="user.country" value="ES" />
    <property name="sun.java.launcher" value="SUN_STANDARD" />
    <property name="sun.os.patch.level" value="unknown" />
    <property name="java.vm.specification.name" value="Java Virtual Machine Specification" />
    <property name="user.dir" value="/Users/sigfridoperezcoapango/GeneradorHorarios/ControlesVisuales" />
    <property name="java.runtime.version" value="1.6.0_07-b06-153" />
    <property name="java.awt.graphicsenv" value="apple.awt.CGraphicsEnvironment" />
    <property name="java.endorsed.dirs" value="/System/Library/Frameworks/JavaVM.framework/Versions/1.6.0/Home/lib/endorsed" />
    <property name="os.arch" value="x86_64" />
    <property name="java.io.tmpdir" value="/tmp" />
    <property name="line.separator" value="
" />
    <property name="java.vm.specification.vendor" value="Sun Microsystems Inc." />
    <property name="os.name" value="Mac OS X" />
    <property name="sun.jnu.encoding" value="MacRoman" />
    <property name="java.library.path" value=".:/Library/Java/Extensions:/System/Library/Java/Extensions:/usr/lib/java" />
    <property name="java.specification.name" value="Java Platform API Specification" />
    <property name="java.class.version" value="50.0" />
    <property name="sun.management.compiler" value="HotSpot 64-Bit Server Compiler" />
    <property name="os.version" value="10.5.7" />
    <property name="http.nonProxyHosts" value="local|*.local|169.254/16|*.169.254/16" />
    <property name="user.home" value="/Users/sigfridoperezcoapango" />
    <property name="user.timezone" value="" />
    <property name="java.awt.printerjob" value="apple.awt.CPrinterJob" />
    <property name="file.encoding" value="MacRoman" />
    <property name="java.specification.version" value="1.6" />
    <property name="user.name" value="sigfrido" />
    <property name="java.class.path" value="/Applications/NetBeans/NetBeans 6.7 RC2.app/Contents/Resources/NetBeans/java2/ant/patches/72080.jar:/Applications/NetBeans/NetBeans 6.7 RC2.app/Contents/Resources/NetBeans/java2/ant/patches/ant-42275.jar:/Applications/NetBeans/NetBeans 6.7 RC2.app/Contents/Resources/NetBeans/java2/ant/lib/ant.jar:/Applications/NetBeans/NetBeans 6.7 RC2.app/Contents/Resources/NetBeans/java2/ant/lib/ant-junit.jar:/Applications/NetBeans/NetBeans 6.7 RC2.app/Contents/Resources/NetBeans/java2/modules/ext/AbsoluteLayout.jar:/Users/sigfridoperezcoapango/GeneradorHorarios/ControlesVisuales/build/classes:/Users/sigfridoperezcoapango/GeneradorHorarios/ControlesVisuales/src:/Applications/NetBeans/NetBeans 6.7 RC2.app/Contents/Resources/NetBeans/java2/modules/ext/junit-3.8.2.jar:/Applications/NetBeans/NetBeans 6.7 RC2.app/Contents/Resources/NetBeans/platform10/modules/ext/junit-4.5.jar:/Applications/NetBeans/NetBeans 6.7 RC2.app/Contents/Resources/NetBeans/platform10/modules/ext/swing-layout-1.0.3.jar:/Users/sigfridoperezcoapango/GeneradorHorarios/ControlesVisuales/build/test/classes:/Users/sigfridoperezcoapango/GeneradorHorarios/ControlesVisuales/test" />
    <property name="java.vm.specification.version" value="1.0" />
    <property name="sun.arch.data.model" value="64" />
    <property name="java.home" value="/System/Library/Frameworks/JavaVM.framework/Versions/1.6.0/Home" />
    <property name="java.specification.vendor" value="Sun Microsystems Inc." />
    <property name="user.language" value="es" />
    <property name="awt.toolkit" value="apple.awt.CToolkit" />
    <property name="java.vm.info" value="mixed mode" />
    <property name="java.version" value="1.6.0_07" />
    <property name="java.ext.dirs" value="/Library/Java/Extensions:/System/Library/Java/Extensions:/System/Library/Frameworks/JavaVM.framework/Versions/1.6.0/Home/lib/ext" />
    <property name="sun.boot.class.path" value="/System/Library/Frameworks/JavaVM.framework/Versions/1.6.0/Classes/classes.jar:/System/Library/Frameworks/JavaVM.framework/Versions/1.6.0/Classes/ui.jar:/System/Library/Frameworks/JavaVM.framework/Versions/1.6.0/Classes/laf.jar:/System/Library/Frameworks/JavaVM.framework/Versions/1.6.0/Classes/sunrsasign.jar:/System/Library/Frameworks/JavaVM.framework/Versions/1.6.0/Classes/jsse.jar:/System/Library/Frameworks/JavaVM.framework/Versions/1.6.0/Classes/jce.jar:/System/Library/Frameworks/JavaVM.framework/Versions/1.6.0/Classes/charsets.jar" />
    <property name="java.vendor" value="Apple Inc." />
    <property name="file.separator" value="/" />
    <property name="java.vendor.url.bug" value="http://bugreport.apple.com/" />
    <property name="sun.cpu.endian" value="little" />
    <property name="sun.io.unicode.encoding" value="UnicodeLittle" />
    <property name="mrj.version" value="1040.1.6.0_07-153" />
    <property name="socksNonProxyHosts" value="local|*.local|169.254/16|*.169.254/16" />
    <property name="ftp.nonProxyHosts" value="local|*.local|169.254/16|*.169.254/16" />
    <property name="sun.cpu.isalist" value="" />
  </properties>
  <testcase classname="test.cv.ficha.TestFicha" name="initializationError" time="0.0090">
    <error message="No runnable methods" type="java.lang.Exception">java.lang.Exception: No runnable methods
	at java.lang.reflect.Constructor.newInstance(Constructor.java:513)
</error>
  </testcase>
  <system-out><![CDATA[]]></system-out>
  <system-err><![CDATA[]]></system-err>
</testsuite>
