<?xml version="1.0" encoding="UTF-8" ?>
<testsuite errors="0" failures="0" hostname="Yggdrasil" name="test.dao.TestDAO" tests="1" time="52.812" timestamp="2009-06-02T05:53:27">
  <properties>
    <property name="java.runtime.name" value="Java(TM) SE Runtime Environment" />
    <property name="sun.boot.library.path" value="C:\Program Files\Java\jdk1.6.0_12\jre\bin" />
    <property name="java.vm.version" value="11.2-b01" />
    <property name="java.vm.vendor" value="Sun Microsystems Inc." />
    <property name="java.vendor.url" value="http://java.sun.com/" />
    <property name="path.separator" value=";" />
    <property name="java.vm.name" value="Java HotSpot(TM) Client VM" />
    <property name="file.encoding.pkg" value="sun.io" />
    <property name="user.country" value="ES" />
    <property name="sun.java.launcher" value="SUN_STANDARD" />
    <property name="sun.os.patch.level" value="" />
    <property name="java.vm.specification.name" value="Java Virtual Machine Specification" />
    <property name="user.dir" value="C:\Users\Edgar\Documents\NetBeansProjects\ServicioCAAFE" />
    <property name="java.runtime.version" value="1.6.0_12-b04" />
    <property name="java.awt.graphicsenv" value="sun.awt.Win32GraphicsEnvironment" />
    <property name="java.endorsed.dirs" value="C:\Program Files\Java\jdk1.6.0_12\jre\lib\endorsed" />
    <property name="os.arch" value="x86" />
    <property name="java.io.tmpdir" value="C:\Users\Edgar\AppData\Local\Temp\" />
    <property name="line.separator" value="
" />
    <property name="java.vm.specification.vendor" value="Sun Microsystems Inc." />
    <property name="user.variant" value="" />
    <property name="os.name" value="Windows Vista" />
    <property name="sun.jnu.encoding" value="Cp1252" />
    <property name="java.library.path" value="C:\Program Files\Java\jdk1.6.0_12\bin;.;C:\Windows\Sun\Java\bin;C:\Windows\system32;C:\Windows;C:\Windows\system32;C:\Windows;C:\Windows\System32\Wbem" />
    <property name="java.specification.name" value="Java Platform API Specification" />
    <property name="java.class.version" value="50.0" />
    <property name="sun.management.compiler" value="HotSpot Client Compiler" />
    <property name="os.version" value="6.0" />
    <property name="user.home" value="C:\Users\Edgar" />
    <property name="user.timezone" value="" />
    <property name="java.awt.printerjob" value="sun.awt.windows.WPrinterJob" />
    <property name="file.encoding" value="Cp1252" />
    <property name="java.specification.version" value="1.6" />
    <property name="user.name" value="Edgar" />
    <property name="java.class.path" value="C:\Program Files\NetBeans 6.5\java2\ant\patches\72080.jar;C:\Program Files\NetBeans 6.5\java2\ant\patches\ant-42275.jar;C:\Program Files\NetBeans 6.5\java2\ant\lib\ant.jar;C:\Program Files\NetBeans 6.5\java2\ant\lib\ant-junit.jar;C:\Program Files\NetBeans 6.5\java2\modules\ext\hibernate\antlr-2.7.6.jar;C:\Program Files\NetBeans 6.5\java2\modules\ext\hibernate\asm.jar;C:\Program Files\NetBeans 6.5\java2\modules\ext\hibernate\asm-attrs.jar;C:\Program Files\NetBeans 6.5\java2\modules\ext\hibernate\cglib-2.1.3.jar;C:\Program Files\NetBeans 6.5\java2\modules\ext\hibernate\commons-collections-2.1.1.jar;C:\Program Files\NetBeans 6.5\ide10\modules\ext\commons-logging-1.1.jar;C:\Program Files\NetBeans 6.5\java2\modules\ext\hibernate\dom4j-1.6.1.jar;C:\Program Files\NetBeans 6.5\java2\modules\ext\hibernate\ehcache-1.2.3.jar;C:\Program Files\NetBeans 6.5\java2\modules\ext\hibernate\jdbc2_0-stdext.jar;C:\Program Files\NetBeans 6.5\java2\modules\ext\hibernate\jta.jar;C:\Program Files\NetBeans 6.5\java2\modules\ext\hibernate\hibernate3.jar;C:\Program Files\NetBeans 6.5\java2\modules\ext\hibernate\hibernate-tools.jar;C:\Program Files\NetBeans 6.5\java2\modules\ext\hibernate\hibernate-annotations.jar;C:\Program Files\NetBeans 6.5\java2\modules\ext\hibernate\hibernate-commons-annotations.jar;C:\Program Files\NetBeans 6.5\java2\modules\ext\hibernate\hibernate-entitymanager.jar;C:\Program Files\NetBeans 6.5\java2\modules\ext\hibernate\javassist.jar;C:\Program Files\NetBeans 6.5\java2\modules\ext\hibernate\ejb3-persistence.jar;C:\Program Files\Sun\JavaDB\lib\derby.jar;C:\Program Files\Sun\JavaDB\lib\derbyclient.jar;C:\Users\Edgar\Documents\NetBeansProjects\ServicioCAAFE\build\classes;C:\Users\Edgar\Documents\NetBeansProjects\ServicioCAAFE\src;C:\Program Files\NetBeans 6.5\platform9\modules\ext\junit-4.5.jar;C:\Users\Edgar\Documents\NetBeansProjects\ServicioCAAFE\build\test\classes;C:\Users\Edgar\Documents\NetBeansProjects\ServicioCAAFE\test" />
    <property name="java.vm.specification.version" value="1.0" />
    <property name="sun.arch.data.model" value="32" />
    <property name="java.home" value="C:\Program Files\Java\jdk1.6.0_12\jre" />
    <property name="java.specification.vendor" value="Sun Microsystems Inc." />
    <property name="user.language" value="es" />
    <property name="awt.toolkit" value="sun.awt.windows.WToolkit" />
    <property name="java.vm.info" value="mixed mode" />
    <property name="java.version" value="1.6.0_12" />
    <property name="java.ext.dirs" value="C:\Program Files\Java\jdk1.6.0_12\jre\lib\ext;C:\Windows\Sun\Java\lib\ext" />
    <property name="sun.boot.class.path" value="C:\Program Files\Java\jdk1.6.0_12\jre\lib\resources.jar;C:\Program Files\Java\jdk1.6.0_12\jre\lib\rt.jar;C:\Program Files\Java\jdk1.6.0_12\jre\lib\sunrsasign.jar;C:\Program Files\Java\jdk1.6.0_12\jre\lib\jsse.jar;C:\Program Files\Java\jdk1.6.0_12\jre\lib\jce.jar;C:\Program Files\Java\jdk1.6.0_12\jre\lib\charsets.jar;C:\Program Files\Java\jdk1.6.0_12\jre\classes" />
    <property name="java.vendor" value="Sun Microsystems Inc." />
    <property name="file.separator" value="\" />
    <property name="java.vendor.url.bug" value="http://java.sun.com/cgi-bin/bugreport.cgi" />
    <property name="sun.cpu.endian" value="little" />
    <property name="sun.io.unicode.encoding" value="UnicodeLittle" />
    <property name="sun.desktop" value="windows" />
    <property name="sun.cpu.isalist" value="" />
  </properties>
  <testcase classname="test.dao.TestDAO" name="testDAOClientesJDBC" time="52.703" />
  <system-out><![CDATA[INICIO :::::::::::: testDAOClientesJDBC ::::::::::::::: 
clienteVO:::clientes.vo.ClienteVO@dc9065
FIN :::::::::::: testDAOClientesJDBC ::::::::::::::: 
]]></system-out>
  <system-err><![CDATA[]]></system-err>
</testsuite>
